WARNING:werkzeug: * Debugger is active!
INFO:werkzeug: * Debugger PIN: 380-955-722
INFO:werkzeug: * Detected change in '/Users/norbertkarp/Desktop/projekt bota/bot_filtry/panel/app.py', reloading
WARNING:werkzeug: * Debugger is active!
INFO:werkzeug: * Debugger PIN: 380-955-722
INFO:werkzeug:[31m[1mWARNING: This is a development server. Do not use it in a production deployment. Use a production WSGI server instead.[0m
 * Running on http://127.0.0.1:5000
INFO:werkzeug:[33mPress CTRL+C to quit[0m
INFO:werkzeug: * Restarting with stat
WARNING:werkzeug: * Debugger is active!
INFO:werkzeug: * Debugger PIN: 380-955-722
INFO:werkzeug:127.0.0.1 - - [29/Jun/2023 17:34:53] "GET / HTTP/1.1" 200 -
INFO:werkzeug:127.0.0.1 - - [29/Jun/2023 17:34:55] "POST /add_criteria HTTP/1.1" 200 -
INFO:werkzeug: * Detected change in '/Users/norbertkarp/Desktop/projekt bota/bot_filtry/panel/app.py', reloading
INFO:werkzeug: * Restarting with stat
WARNING:werkzeug: * Debugger is active!
INFO:werkzeug: * Debugger PIN: 380-955-722
INFO:werkzeug: * Detected change in '/Users/norbertkarp/Desktop/projekt bota/bot_filtry/panel/app.py', reloading
INFO:werkzeug: * Restarting with stat
WARNING:werkzeug: * Debugger is active!
INFO:werkzeug: * Debugger PIN: 380-955-722
INFO:werkzeug: * Detected change in '/Users/norbertkarp/Desktop/projekt bota/bot_filtry/panel/app.py', reloading
INFO:werkzeug: * Restarting with stat
WARNING:werkzeug: * Debugger is active!
INFO:werkzeug: * Debugger PIN: 380-955-722
INFO:werkzeug: * Detected change in '/Users/norbertkarp/Desktop/projekt bota/bot_filtry/panel/app.py', reloading
INFO:werkzeug: * Restarting with stat
INFO:werkzeug:[31m[1mWARNING: This is a development server. Do not use it in a production deployment. Use a production WSGI server instead.[0m
 * Running on http://127.0.0.1:5000
INFO:werkzeug:[33mPress CTRL+C to quit[0m
